#
# There is insufficient memory for the Java Runtime Environment to continue.
# Native memory allocation (mmap) failed to map 98566144 bytes for G1 virtual space
# Possible reasons:
#   The system is out of physical RAM or swap space
#   The process is running with CompressedOops enabled, and the Java Heap may be blocking the growth of the native heap
# Possible solutions:
#   Reduce memory load on the system
#   Increase physical memory or swap space
#   Check if swap backing store is full
#   Decrease Java heap size (-Xmx/-Xms)
#   Decrease number of Java threads
#   Decrease Java thread stack sizes (-Xss)
#   Set larger code cache with -XX:ReservedCodeCacheSize=
#   JVM is running with Unscaled Compressed Oops mode in which the Java heap is
#     placed in the first 4GB address space. The Java Heap base address is the
#     maximum limit for the native heap growth. Please use -XX:HeapBaseMinAddress
#     to set the Java Heap base and to place the Java Heap above 4GB virtual address.
# This output file may be truncated or incomplete.
#
#  Out of Memory Error (os_windows.cpp:3527), pid=18104, tid=31664
#
# JRE version:  (19.0.1+10) (build )
# Java VM: Java HotSpot(TM) 64-Bit Server VM (19.0.1+10-21, mixed mode, sharing, tiered, compressed oops, compressed class ptrs, g1 gc, windows-amd64)
# No core dump will be written. Minidumps are not enabled by default on client versions of Windows
#

---------------  S U M M A R Y ------------

Command Line: org.jetbrains.kotlin.cli.jvm.K2JVMCompiler @C:\flutter\packages\flutter_tools\gradle\build\20260324_16447134253169640366.compiler.options

Host: AMD Ryzen 5 5500U with Radeon Graphics         , 12 cores, 5G,  Windows 11 , 64 bit Build 26100 (10.0.26100.7920)
Time: Tue Mar 24 16:36:35 2026 India Standard Time elapsed time: 2.047703 seconds (0d 0h 0m 2s)

---------------  T H R E A D  ---------------

Current thread (0x000001c80f45e5e0):  JavaThread "Unknown thread" [_thread_in_vm, id=31664, stack(0x0000001c3c700000,0x0000001c3c800000)]

Stack: [0x0000001c3c700000,0x0000001c3c800000]
Native frames: (J=compiled Java code, j=interpreted, Vv=VM code, C=native code)
V  [jvm.dll+0x6ee8fa]
V  [jvm.dll+0x857a1e]
V  [jvm.dll+0x85940e]
V  [jvm.dll+0x859ac3]
V  [jvm.dll+0x28291f]
V  [jvm.dll+0x6eb6e9]
V  [jvm.dll+0x6e028a]
V  [jvm.dll+0x357136]
V  [jvm.dll+0x35eb96]
V  [jvm.dll+0x3b555e]
V  [jvm.dll+0x3b578f]
V  [jvm.dll+0x32c6ea]
V  [jvm.dll+0x32d59e]
V  [jvm.dll+0x821b20]
V  [jvm.dll+0x3c27c1]
V  [jvm.dll+0x8022f1]
V  [jvm.dll+0x44b30f]
V  [jvm.dll+0x44cc91]
C  [jli.dll+0x5287]
C  [ucrtbase.dll+0x37b0]
C  [KERNEL32.DLL+0x2e8d7]
C  [ntdll.dll+0x8c48c]


---------------  P R O C E S S  ---------------

Threads class SMR info:
_java_thread_list=0x00007ffaaa32d048, length=0, elements={
}

Java Threads: ( => current thread )

Other Threads:
  0x000001c80f4aec20 WorkerThread "GC Thread#0" [stack: 0x0000001c3c800000,0x0000001c3c900000] [id=32152]
  0x000001c80f4bb6c0 ConcurrentGCThread "G1 Main Marker" [stack: 0x0000001c3c900000,0x0000001c3ca00000] [id=26788]
  0x000001c80f4bcf60 WorkerThread "G1 Conc#0" [stack: 0x0000001c3ca00000,0x0000001c3cb00000] [id=31652]

[error occurred during error reporting (printing all threads), id 0xc0000005, EXCEPTION_ACCESS_VIOLATION (0xc0000005) at pc=0x00007ffaa9aed127]

VM state: not at safepoint (not fully initialized)

VM Mutex/Monitor currently owned by a thread:  ([mutex/lock_event])
[0x000001c80f45c970] Heap_lock - owner thread: 0x000001c80f45e5e0

Heap address: 0x00000000a2600000, size: 1498 MB, Compressed Oops mode: 32-bit

CDS archive(s) mapped at: [0x0000000000000000-0x0000000000000000-0x0000000000000000), size 0, SharedBaseAddress: 0x0000000800000000, ArchiveRelocationMode: 0.
Narrow klass base: 0x0000000000000000, Narrow klass shift: 0, Narrow klass range: 0x0

GC Precious Log:
 CardTable entry size: 512
 Card Set container configuration: InlinePtr #cards 5 size 8 Array Of Cards #cards 12 size 40 Howl #buckets 4 coarsen threshold 1843 Howl Bitmap #cards 512 size 80 coarsen threshold 460 Card regions per heap region 1 cards per card region 2048

Heap:
 garbage-first heap   total 0K, used 0K [0x00000000a2600000, 0x0000000100000000)
  region size 1024K, 0 young (0K), 0 survivors (0K)

[error occurred during error reporting (printing heap information), id 0xc0000005, EXCEPTION_ACCESS_VIOLATION (0xc0000005) at pc=0x00007ffaa9ef6959]

GC Heap History (0 events):
No events

Dll operation events (1 events):
Event: 0.020 Loaded shared library C:\Program Files\Java\jdk-19\bin\java.dll

Deoptimization events (0 events):
No events

Classes loaded (0 events):
No events

Classes unloaded (0 events):
No events

Classes redefined (0 events):
No events

Internal exceptions (0 events):
No events

VM Operations (0 events):
No events

Events (0 events):
No events


Dynamic libraries:
0x00007ff79ec30000 - 0x00007ff79ec40000 	C:\Program Files\Java\jdk-19\bin\java.exe
0x00007ffb3f4e0000 - 0x00007ffb3f747000 	C:\WINDOWS\SYSTEM32\ntdll.dll
0x00007ffb3e320000 - 0x00007ffb3e3e9000 	C:\WINDOWS\System32\KERNEL32.DLL
0x00007ffb3c2f0000 - 0x00007ffb3c6e1000 	C:\WINDOWS\System32\KERNELBASE.dll
0x00007ffb3bdc0000 - 0x00007ffb3bf0b000 	C:\WINDOWS\System32\ucrtbase.dll
0x00007ffb2f670000 - 0x00007ffb2f68b000 	C:\Program Files\Java\jdk-19\bin\VCRUNTIME140.dll
0x00007ffb326c0000 - 0x00007ffb326d8000 	C:\Program Files\Java\jdk-19\bin\jli.dll
0x00007ffb3f3e0000 - 0x00007ffb3f49b000 	C:\WINDOWS\System32\ADVAPI32.dll
0x00007ffb3e1c0000 - 0x00007ffb3e269000 	C:\WINDOWS\System32\msvcrt.dll
0x00007ffb3d280000 - 0x00007ffb3d327000 	C:\WINDOWS\System32\sechost.dll
0x00007ffb3dbb0000 - 0x00007ffb3dcc8000 	C:\WINDOWS\System32\RPCRT4.dll
0x00007ffb3d420000 - 0x00007ffb3d5e5000 	C:\WINDOWS\System32\USER32.dll
0x00007ffb3d250000 - 0x00007ffb3d277000 	C:\WINDOWS\System32\win32u.dll
0x00007ffb2b6f0000 - 0x00007ffb2b983000 	C:\WINDOWS\WinSxS\amd64_microsoft.windows.common-controls_6595b64144ccf1df_6.0.26100.8037_none_3e092faae333b53b\COMCTL32.dll
0x00007ffb3e6c0000 - 0x00007ffb3e6eb000 	C:\WINDOWS\System32\GDI32.dll
0x00007ffb3bf10000 - 0x00007ffb3c03b000 	C:\WINDOWS\System32\gdi32full.dll
0x00007ffb3d1a0000 - 0x00007ffb3d243000 	C:\WINDOWS\System32\msvcp_win.dll
0x00007ffb35630000 - 0x00007ffb3563b000 	C:\WINDOWS\SYSTEM32\VERSION.dll
0x00007ffb3db70000 - 0x00007ffb3dba1000 	C:\WINDOWS\System32\IMM32.DLL
0x00007ffb2f660000 - 0x00007ffb2f66c000 	C:\Program Files\Java\jdk-19\bin\vcruntime140_1.dll
0x00007ffb05af0000 - 0x00007ffb05b7e000 	C:\Program Files\Java\jdk-19\bin\msvcp140.dll
0x00007ffaa97b0000 - 0x00007ffaaa470000 	C:\Program Files\Java\jdk-19\bin\server\jvm.dll
0x00007ffb32a20000 - 0x00007ffb32a55000 	C:\WINDOWS\SYSTEM32\WINMM.dll
0x00007ffaa96d0000 - 0x00007ffaa96da000 	C:\WINDOWS\SYSTEM32\WSOCK32.dll
0x00007ffb3e640000 - 0x00007ffb3e6b4000 	C:\WINDOWS\System32\WS2_32.dll
0x00007ffb3ab50000 - 0x00007ffb3ab6b000 	C:\WINDOWS\SYSTEM32\kernel.appcore.dll
0x00007ffb24350000 - 0x00007ffb2435a000 	C:\Program Files\Java\jdk-19\bin\jimage.dll
0x00007ffb39da0000 - 0x00007ffb39fe2000 	C:\WINDOWS\SYSTEM32\DBGHELP.DLL
0x00007ffb3d5f0000 - 0x00007ffb3d972000 	C:\WINDOWS\System32\combase.dll
0x00007ffb3d340000 - 0x00007ffb3d417000 	C:\WINDOWS\System32\OLEAUT32.dll
0x00007ffb29630000 - 0x00007ffb2966b000 	C:\WINDOWS\SYSTEM32\dbgcore.DLL
0x00007ffb3c040000 - 0x00007ffb3c0e5000 	C:\WINDOWS\System32\bcryptPrimitives.dll
0x00007ffb1b940000 - 0x00007ffb1b966000 	C:\Program Files\Java\jdk-19\bin\java.dll

dbghelp: loaded successfully - version: 4.0.5 - missing functions: none
symbol engine: initialized successfully - sym options: 0x614 - pdb path: .;C:\Program Files\Java\jdk-19\bin;C:\WINDOWS\SYSTEM32;C:\WINDOWS\WinSxS\amd64_microsoft.windows.common-controls_6595b64144ccf1df_6.0.26100.8037_none_3e092faae333b53b;C:\Program Files\Java\jdk-19\bin\server

VM Arguments:
java_command: org.jetbrains.kotlin.cli.jvm.K2JVMCompiler @C:\flutter\packages\flutter_tools\gradle\build\20260324_16447134253169640366.compiler.options
java_class_path (initial): C:\Users\MD ARSALAN\.gradle\caches\modules-2\files-2.1\org.jetbrains.kotlin\kotlin-compiler-embeddable\2.0.21\79346ed53db48b18312a472602eb5c057070c54d\kotlin-compiler-embeddable-2.0.21.jar;C:\Users\MD ARSALAN\.gradle\caches\modules-2\files-2.1\org.jetbrains.kotlin\kotlin-stdlib\2.0.21\618b539767b4899b4660a83006e052b63f1db551\kotlin-stdlib-2.0.21.jar;C:\Users\MD ARSALAN\.gradle\caches\modules-2\files-2.1\org.jetbrains.kotlin\kotlin-script-runtime\2.0.21\c9b044380ad41f89aa89aa896c2d32a8c0b2129d\kotlin-script-runtime-2.0.21.jar;C:\Users\MD ARSALAN\.gradle\caches\modules-2\files-2.1\org.jetbrains.kotlin\kotlin-reflect\1.6.10\1cbe9c92c12a94eea200d23c2bbaedaf3daf5132\kotlin-reflect-1.6.10.jar;C:\Users\MD ARSALAN\.gradle\caches\modules-2\files-2.1\org.jetbrains.kotlin\kotlin-daemon-embeddable\2.0.21\c9e933b23287de9b5a17e2116b4657bb91aea72c\kotlin-daemon-embeddable-2.0.21.jar;C:\Users\MD ARSALAN\.gradle\caches\modules-2\files-2.1\org.jetbrains.intellij.deps\trove4j\1.0.20200330\3afb14d5f9ceb459d724e907a21145e8ff394f02\trove4j-1.0.20200330.jar;C:\Users\MD ARSALAN\.gradle\caches\modules-2\files-2.1\org.jetbrains.kotlinx\kotlinx-coroutines-core-jvm\1.6.4\2c997cd1c0ef33f3e751d3831929aeff1390cb30\kotlinx-coroutines-core-jvm-1.6.4.jar;C:\Users\MD ARSALAN\.gradle\caches\modules-2\files-2.1\org.jetbrains\annotations\13.0\919f0dfe192fb4e063e7dacadee7f8bb9a2672a9\annotations-13.0.jar
Launcher Type: SUN_STANDARD

[Global flags]
     intx CICompilerCount                          = 4                                         {product} {ergonomic}
     uint ConcGCThreads                            = 3                                         {product} {ergonomic}
     uint G1ConcRefinementThreads                  = 10                                        {product} {ergonomic}
   size_t G1HeapRegionSize                         = 1048576                                   {product} {ergonomic}
    uintx GCDrainStackTargetSize                   = 64                                        {product} {ergonomic}
   size_t InitialHeapSize                          = 98566144                                  {product} {ergonomic}
   size_t MarkStackSize                            = 4194304                                   {product} {ergonomic}
   size_t MaxHeapSize                              = 1570766848                                {product} {ergonomic}
   size_t MinHeapDeltaBytes                        = 1048576                                   {product} {ergonomic}
   size_t MinHeapSize                              = 8388608                                   {product} {ergonomic}
    uintx NonNMethodCodeHeapSize                   = 5839372                                {pd product} {ergonomic}
    uintx NonProfiledCodeHeapSize                  = 122909434                              {pd product} {ergonomic}
    uintx ProfiledCodeHeapSize                     = 122909434                              {pd product} {ergonomic}
    uintx ReservedCodeCacheSize                    = 251658240                              {pd product} {ergonomic}
     bool SegmentedCodeCache                       = true                                      {product} {ergonomic}
   size_t SoftMaxHeapSize                          = 1570766848                             {manageable} {ergonomic}
     bool UseCompressedClassPointers               = true                           {product lp64_product} {ergonomic}
     bool UseCompressedOops                        = true                           {product lp64_product} {ergonomic}
     bool UseG1GC                                  = true                                      {product} {ergonomic}
     bool UseLargePagesIndividualAllocation        = false                                  {pd product} {ergonomic}

Logging:
Log output configuration:
 #0: stdout all=warning uptime,level,tags foldmultilines=false
 #1: stderr all=off uptime,level,tags foldmultilines=false

Environment Variables:
JAVA_HOME=C:\Program Files\Java\jdk-19
PATH=C:\Program Files\Common Files\Oracle\Java\javapath;C:\WINDOWS\system32;C:\WINDOWS;C:\WINDOWS\System32\Wbem;C:\WINDOWS\System32\WindowsPowerShell\v1.0\;C:\WINDOWS\System32\OpenSSH\;C:\Program Files\Java\jdk-19\bin;C:\Program Files\Git\cmd;C:\Users\MD ARSALAN\AppData\Local\Programs\Python\Python311\~cripts;C:\Users\MD ARSALAN\AppData\Local\Programs\Python\Python311;C:\Program Files\nodejs\;;C:\Program Files\Docker\Docker\resources\bin;C:\Users\MD ARSALAN\AppData\Local\Programs\Python\Python311\Scripts\;C:\Users\MD ARSALAN\AppData\Local\Programs\Python\Python311\;C:\Users\MD ARSALAN\AppData\Local\Microsoft\WindowsApps;C:\Users\MD ARSALAN\AppData\Local\Programs\Python\Python311\~cripts;C:\Users\MD ARSALAN\AppData\Local\Programs\Python\Python311;C:\Users\MD ARSALAN\AppData\Local\GitHubDesktop\bin;C:\Users\MD ARSALAN\AppData\Local\Programs\Microsoft VS Code\bin;C:\Users\MD ARSALAN\AppData\Roaming\npm;C:\Users\MD ARSALAN\AppData\Local\Programs\Antigravity\bin;C:\flutter\bin;
USERNAME=MD ARSALAN
OS=Windows_NT
PROCESSOR_IDENTIFIER=AMD64 Family 23 Model 104 Stepping 1, AuthenticAMD
TMP=C:\Users\MDARSA~1\AppData\Local\Temp
TEMP=C:\Users\MDARSA~1\AppData\Local\Temp



---------------  S Y S T E M  ---------------

OS:
 Windows 11 , 64 bit Build 26100 (10.0.26100.7920)
OS uptime: 0 days 15:51 hours
Hyper-V role detected

CPU: total 12 (initial active 12) (12 cores per cpu, 2 threads per core) family 23 model 104 stepping 1 microcode 0x8608109, cx8, cmov, fxsr, ht, mmx, 3dnowpref, sse, sse2, sse3, ssse3, sse4a, sse4.1, sse4.2, popcnt, lzcnt, tsc, tscinvbit, avx, avx2, aes, clmul, bmi1, bmi2, adx, sha, fma, vzeroupper, clflush, clflushopt, hv, rdtscp, rdpid

Memory: 4k page, system-wide physical 5989M (536M free)
TotalPageFile size 24421M (AvailPageFile size 86M)
current process WorkingSet (physical memory assigned to process): 12M, peak: 12M
current process commit charge ("private bytes"): 64M, peak: 158M

vm_info: Java HotSpot(TM) 64-Bit Server VM (19.0.1+10-21) for windows-amd64 JRE (19.0.1+10-21), built on 2022-09-14T12:45:06Z by "mach5one" with MS VC++ 17.1 (VS2022)

END.
